/root/grv_model/flumine_betting/flumine betting.py:61: PerformanceWarning: indexing past lexsort depth may impact performance.
  model_price = todays_data.loc[dog_name,track,race_number]['pred_price'].item()
/root/grv_model/flumine_betting/flumine betting.py:62: PerformanceWarning: indexing past lexsort depth may impact performance.
  model_prob = todays_data.loc[dog_name,track,race_number]['conf'].item()
/root/grv_model/flumine_betting/flumine betting.py:61: PerformanceWarning: indexing past lexsort depth may impact performance.
  model_price = todays_data.loc[dog_name,track,race_number]['pred_price'].item()
/root/grv_model/flumine_betting/flumine betting.py:62: PerformanceWarning: indexing past lexsort depth may impact performance.
  model_prob = todays_data.loc[dog_name,track,race_number]['conf'].item()
['Shepparton', 'Dubbo', 'Wentworth Park']
starting strategy 'FlatBetting' using the model we created the Greyhound modelling in Python Tutorial
/root/grv_model/flumine_betting/flumine betting.py:61: PerformanceWarning: indexing past lexsort depth may impact performance.
  model_price = todays_data.loc[dog_name,track,race_number]['pred_price'].item()
/root/grv_model/flumine_betting/flumine betting.py:62: PerformanceWarning: indexing past lexsort depth may impact performance.
  model_prob = todays_data.loc[dog_name,track,race_number]['conf'].item()
/root/grv_model/flumine_betting/flumine betting.py:61: PerformanceWarning: indexing past lexsort depth may impact performance.
  model_price = todays_data.loc[dog_name,track,race_number]['pred_price'].item()
/root/grv_model/flumine_betting/flumine betting.py:62: PerformanceWarning: indexing past lexsort depth may impact performance.
  model_prob = todays_data.loc[dog_name,track,race_number]['conf'].item()
['Richmond', 'Temora']
starting strategy 'FlatBetting' using the model we created the Greyhound modelling in Python Tutorial
/root/grv_model/flumine_betting/flumine betting.py:61: PerformanceWarning: indexing past lexsort depth may impact performance.
  model_price = todays_data.loc[dog_name,track,race_number]['pred_price'].item()
/root/grv_model/flumine_betting/flumine betting.py:62: PerformanceWarning: indexing past lexsort depth may impact performance.
  model_prob = todays_data.loc[dog_name,track,race_number]['conf'].item()
/root/grv_model/flumine_betting/flumine betting.py:61: PerformanceWarning: indexing past lexsort depth may impact performance.
  model_price = todays_data.loc[dog_name,track,race_number]['pred_price'].item()
/root/grv_model/flumine_betting/flumine betting.py:62: PerformanceWarning: indexing past lexsort depth may impact performance.
  model_prob = todays_data.loc[dog_name,track,race_number]['conf'].item()
['Nowra']
starting strategy 'FlatBetting' using the model we created the Greyhound modelling in Python Tutorial
/root/grv_model/flumine_betting/flumine betting.py:61: PerformanceWarning: indexing past lexsort depth may impact performance.
  model_price = todays_data.loc[dog_name,track,race_number]['pred_price'].item()
/root/grv_model/flumine_betting/flumine betting.py:62: PerformanceWarning: indexing past lexsort depth may impact performance.
  model_prob = todays_data.loc[dog_name,track,race_number]['conf'].item()
['Gosford', 'Grafton']
starting strategy 'FlatBetting' using the model we created the Greyhound modelling in Python Tutorial
['Taree', 'Wentworth Park']
starting strategy 'FlatBetting' using the model we created the Greyhound modelling in Python Tutorial
/root/grv_model/flumine_betting/flumine betting.py:61: PerformanceWarning: indexing past lexsort depth may impact performance.
  model_price = todays_data.loc[dog_name,track,race_number]['pred_price'].item()
/root/grv_model/flumine_betting/flumine betting.py:62: PerformanceWarning: indexing past lexsort depth may impact performance.
  model_prob = todays_data.loc[dog_name,track,race_number]['conf'].item()
/root/grv_model/flumine_betting/flumine betting.py:61: PerformanceWarning: indexing past lexsort depth may impact performance.
  model_price = todays_data.loc[dog_name,track,race_number]['pred_price'].item()
/root/grv_model/flumine_betting/flumine betting.py:62: PerformanceWarning: indexing past lexsort depth may impact performance.
  model_prob = todays_data.loc[dog_name,track,race_number]['conf'].item()
['Richmond', 'Wentworth Park']
starting strategy 'FlatBetting' using the model we created the Greyhound modelling in Python Tutorial
['Richmond', 'Wentworth Park']
starting strategy 'FlatBetting' using the model we created the Greyhound modelling in Python Tutorial
['Casino', 'Dapto', 'Maitland']
starting strategy 'FlatBetting' using the model we created the Greyhound modelling in Python Tutorial
['Casino', 'Dapto', 'Maitland']
starting strategy 'FlatBetting' using the model we created the Greyhound modelling in Python Tutorial
/root/grv_model/flumine_betting/flumine betting.py:61: PerformanceWarning: indexing past lexsort depth may impact performance.
  model_price = todays_data.loc[dog_name,track,race_number]['pred_price'].item()
/root/grv_model/flumine_betting/flumine betting.py:62: PerformanceWarning: indexing past lexsort depth may impact performance.
  model_prob = todays_data.loc[dog_name,track,race_number]['conf'].item()
/root/grv_model/flumine_betting/flumine betting.py:61: PerformanceWarning: indexing past lexsort depth may impact performance.
  model_price = todays_data.loc[dog_name,track,race_number]['pred_price'].item()
/root/grv_model/flumine_betting/flumine betting.py:62: PerformanceWarning: indexing past lexsort depth may impact performance.
  model_prob = todays_data.loc[dog_name,track,race_number]['conf'].item()
/root/grv_model/flumine_betting/flumine betting.py:61: PerformanceWarning: indexing past lexsort depth may impact performance.
  model_price = todays_data.loc[dog_name,track,race_number]['pred_price'].item()
/root/grv_model/flumine_betting/flumine betting.py:62: PerformanceWarning: indexing past lexsort depth may impact performance.
  model_prob = todays_data.loc[dog_name,track,race_number]['conf'].item()
['Casino', 'Dapto', 'Maitland']
starting strategy 'FlatBetting' using the model we created the Greyhound modelling in Python Tutorial
/root/grv_model/flumine_betting/flumine betting.py:61: PerformanceWarning: indexing past lexsort depth may impact performance.
  model_price = todays_data.loc[dog_name,track,race_number]['pred_price'].item()
/root/grv_model/flumine_betting/flumine betting.py:62: PerformanceWarning: indexing past lexsort depth may impact performance.
  model_prob = todays_data.loc[dog_name,track,race_number]['conf'].item()
/root/grv_model/flumine_betting/flumine betting.py:61: PerformanceWarning: indexing past lexsort depth may impact performance.
  model_price = todays_data.loc[dog_name,track,race_number]['pred_price'].item()
/root/grv_model/flumine_betting/flumine betting.py:62: PerformanceWarning: indexing past lexsort depth may impact performance.
  model_prob = todays_data.loc[dog_name,track,race_number]['conf'].item()
/root/grv_model/flumine_betting/flumine betting.py:61: PerformanceWarning: indexing past lexsort depth may impact performance.
  model_price = todays_data.loc[dog_name,track,race_number]['pred_price'].item()
/root/grv_model/flumine_betting/flumine betting.py:62: PerformanceWarning: indexing past lexsort depth may impact performance.
  model_prob = todays_data.loc[dog_name,track,race_number]['conf'].item()
/root/grv_model/flumine_betting/flumine betting.py:61: PerformanceWarning: indexing past lexsort depth may impact performance.
  model_price = todays_data.loc[dog_name,track,race_number]['pred_price'].item()
/root/grv_model/flumine_betting/flumine betting.py:62: PerformanceWarning: indexing past lexsort depth may impact performance.
  model_prob = todays_data.loc[dog_name,track,race_number]['conf'].item()
['Goulburn', 'Richmond', 'Wagga']
starting strategy 'FlatBetting' using the model we created the Greyhound modelling in Python Tutorial
['Goulburn', 'Richmond']
starting strategy 'FlatBetting' using the model we created the Greyhound modelling in Python Tutorial
/root/grv_model/flumine_betting/flumine betting.py:61: PerformanceWarning: indexing past lexsort depth may impact performance.
  model_price = todays_data.loc[dog_name,track,race_number]['pred_price'].item()
/root/grv_model/flumine_betting/flumine betting.py:62: PerformanceWarning: indexing past lexsort depth may impact performance.
  model_prob = todays_data.loc[dog_name,track,race_number]['conf'].item()
['Maitland', 'Nowra', 'Shepparton']
starting strategy 'FlatBetting' using the model we created the Greyhound modelling in Python Tutorial
/root/grv_model/flumine_betting/flumine betting.py:61: PerformanceWarning: indexing past lexsort depth may impact performance.
  model_price = todays_data.loc[dog_name,track,race_number]['pred_price'].item()
/root/grv_model/flumine_betting/flumine betting.py:62: PerformanceWarning: indexing past lexsort depth may impact performance.
  model_prob = todays_data.loc[dog_name,track,race_number]['conf'].item()
/root/grv_model/flumine_betting/flumine betting.py:61: PerformanceWarning: indexing past lexsort depth may impact performance.
  model_price = todays_data.loc[dog_name,track,race_number]['pred_price'].item()
/root/grv_model/flumine_betting/flumine betting.py:62: PerformanceWarning: indexing past lexsort depth may impact performance.
  model_prob = todays_data.loc[dog_name,track,race_number]['conf'].item()
['Dubbo', 'Gosford', 'Grafton']
starting strategy 'FlatBetting' using the model we created the Greyhound modelling in Python Tutorial
['Horsham']
starting strategy 'FlatBetting' using the model we created the Greyhound modelling in Python Tutorial
/root/grv_model/flumine_betting/flumine betting.py:61: PerformanceWarning: indexing past lexsort depth may impact performance.
  model_price = todays_data.loc[dog_name,track,race_number]['pred_price'].item()
/root/grv_model/flumine_betting/flumine betting.py:62: PerformanceWarning: indexing past lexsort depth may impact performance.
  model_prob = todays_data.loc[dog_name,track,race_number]['conf'].item()
/root/grv_model/flumine_betting/flumine betting.py:61: PerformanceWarning: indexing past lexsort depth may impact performance.
  model_price = todays_data.loc[dog_name,track,race_number]['pred_price'].item()
/root/grv_model/flumine_betting/flumine betting.py:62: PerformanceWarning: indexing past lexsort depth may impact performance.
  model_prob = todays_data.loc[dog_name,track,race_number]['conf'].item()
['Richmond', 'Wentworth Park']
starting strategy 'FlatBetting' using the model we created the Greyhound modelling in Python Tutorial
/root/grv_model/flumine_betting/flumine betting.py:61: PerformanceWarning: indexing past lexsort depth may impact performance.
  model_price = todays_data.loc[dog_name,track,race_number]['pred_price'].item()
/root/grv_model/flumine_betting/flumine betting.py:62: PerformanceWarning: indexing past lexsort depth may impact performance.
  model_prob = todays_data.loc[dog_name,track,race_number]['conf'].item()
/root/grv_model/flumine_betting/flumine betting.py:61: PerformanceWarning: indexing past lexsort depth may impact performance.
  model_price = todays_data.loc[dog_name,track,race_number]['pred_price'].item()
/root/grv_model/flumine_betting/flumine betting.py:62: PerformanceWarning: indexing past lexsort depth may impact performance.
  model_prob = todays_data.loc[dog_name,track,race_number]['conf'].item()
/root/grv_model/flumine_betting/flumine betting.py:61: PerformanceWarning: indexing past lexsort depth may impact performance.
  model_price = todays_data.loc[dog_name,track,race_number]['pred_price'].item()
/root/grv_model/flumine_betting/flumine betting.py:62: PerformanceWarning: indexing past lexsort depth may impact performance.
  model_prob = todays_data.loc[dog_name,track,race_number]['conf'].item()
['Dubbo', 'Wentworth Park']
starting strategy 'FlatBetting' using the model we created the Greyhound modelling in Python Tutorial
Traceback (most recent call last):
  File "/root/anaconda3/envs/pytorch/lib/python3.10/site-packages/pandas/core/indexes/base.py", line 3803, in get_loc
    return self._engine.get_loc(casted_key)
  File "pandas/_libs/index.pyx", line 138, in pandas._libs.index.IndexEngine.get_loc
  File "pandas/_libs/index.pyx", line 165, in pandas._libs.index.IndexEngine.get_loc
  File "pandas/_libs/hashtable_class_helper.pxi", line 5745, in pandas._libs.hashtable.PyObjectHashTable.get_item
  File "pandas/_libs/hashtable_class_helper.pxi", line 5753, in pandas._libs.hashtable.PyObjectHashTable.get_item
KeyError: 'Model Name'

The above exception was the direct cause of the following exception:

Traceback (most recent call last):
  File "/root/grv_model/flumine_betting/flumine betting.py", line 257, in <module>
    model_name = todays_data['Model Name'].iloc[1]
  File "/root/anaconda3/envs/pytorch/lib/python3.10/site-packages/pandas/core/frame.py", line 3805, in __getitem__
    indexer = self.columns.get_loc(key)
  File "/root/anaconda3/envs/pytorch/lib/python3.10/site-packages/pandas/core/indexes/base.py", line 3805, in get_loc
    raise KeyError(key) from err
KeyError: 'Model Name'
Traceback (most recent call last):
  File "/root/anaconda3/envs/pytorch/lib/python3.10/site-packages/pandas/core/indexes/base.py", line 3803, in get_loc
    return self._engine.get_loc(casted_key)
  File "pandas/_libs/index.pyx", line 138, in pandas._libs.index.IndexEngine.get_loc
  File "pandas/_libs/index.pyx", line 165, in pandas._libs.index.IndexEngine.get_loc
  File "pandas/_libs/hashtable_class_helper.pxi", line 5745, in pandas._libs.hashtable.PyObjectHashTable.get_item
  File "pandas/_libs/hashtable_class_helper.pxi", line 5753, in pandas._libs.hashtable.PyObjectHashTable.get_item
KeyError: 'Model Name'

The above exception was the direct cause of the following exception:

Traceback (most recent call last):
  File "/root/grv_model/flumine_betting/flumine betting.py", line 257, in <module>
    model_name = todays_data['Model Name'].iloc[1]
  File "/root/anaconda3/envs/pytorch/lib/python3.10/site-packages/pandas/core/frame.py", line 3805, in __getitem__
    indexer = self.columns.get_loc(key)
  File "/root/anaconda3/envs/pytorch/lib/python3.10/site-packages/pandas/core/indexes/base.py", line 3805, in get_loc
    raise KeyError(key) from err
KeyError: 'Model Name'
/root/grv_model/flumine_betting/flumine betting.py:61: PerformanceWarning: indexing past lexsort depth may impact performance.
  model_price = todays_data.loc[dog_name,track,race_number]['pred_price'].item()
/root/grv_model/flumine_betting/flumine betting.py:62: PerformanceWarning: indexing past lexsort depth may impact performance.
  model_prob = todays_data.loc[dog_name,track,race_number]['conf'].item()
/root/grv_model/flumine_betting/flumine betting.py:61: PerformanceWarning: indexing past lexsort depth may impact performance.
  model_price = todays_data.loc[dog_name,track,race_number]['pred_price'].item()
/root/grv_model/flumine_betting/flumine betting.py:62: PerformanceWarning: indexing past lexsort depth may impact performance.
  model_prob = todays_data.loc[dog_name,track,race_number]['conf'].item()
['Healesville', 'Warragul']
starting strategy 'FlatBetting' using the model we created the Greyhound modelling in Python Tutorial
['Grafton', 'Richmond']
starting strategy 'FlatBetting' using the model we created the Greyhound modelling in Python Tutorial
/root/grv_model/flumine_betting/flumine betting.py:61: PerformanceWarning: indexing past lexsort depth may impact performance.
  model_price = todays_data.loc[dog_name,track,race_number]['pred_price'].item()
/root/grv_model/flumine_betting/flumine betting.py:62: PerformanceWarning: indexing past lexsort depth may impact performance.
  model_prob = todays_data.loc[dog_name,track,race_number]['conf'].item()
['Bulli', 'Gosford', 'Grafton']
starting strategy 'FlatBetting' using the model we created the Greyhound modelling in Python Tutorial
/root/grv_model/flumine_betting/flumine betting.py:61: PerformanceWarning: indexing past lexsort depth may impact performance.
  model_price = todays_data.loc[dog_name,track,race_number]['pred_price'].item()
/root/grv_model/flumine_betting/flumine betting.py:62: PerformanceWarning: indexing past lexsort depth may impact performance.
  model_prob = todays_data.loc[dog_name,track,race_number]['conf'].item()
['Richmond', 'Taree', 'Wentworth Park']
starting strategy 'FlatBetting' using the model we created the Greyhound modelling in Python Tutorial
/root/grv_model/flumine_betting/flumine betting.py:61: PerformanceWarning: indexing past lexsort depth may impact performance.
  model_price = todays_data.loc[dog_name,track,race_number]['pred_price'].item()
/root/grv_model/flumine_betting/flumine betting.py:62: PerformanceWarning: indexing past lexsort depth may impact performance.
  model_prob = todays_data.loc[dog_name,track,race_number]['conf'].item()
['Casino', 'Dapto', 'Gunnedah']
starting strategy 'FlatBetting' using the model we created the Greyhound modelling in Python Tutorial
/root/grv_model/flumine_betting/flumine betting.py:61: PerformanceWarning: indexing past lexsort depth may impact performance.
  model_price = todays_data.loc[dog_name,track,race_number]['pred_price'].item()
/root/grv_model/flumine_betting/flumine betting.py:62: PerformanceWarning: indexing past lexsort depth may impact performance.
  model_prob = todays_data.loc[dog_name,track,race_number]['conf'].item()
/root/grv_model/flumine_betting/flumine betting.py:61: PerformanceWarning: indexing past lexsort depth may impact performance.
  model_price = todays_data.loc[dog_name,track,race_number]['pred_price'].item()
/root/grv_model/flumine_betting/flumine betting.py:62: PerformanceWarning: indexing past lexsort depth may impact performance.
  model_prob = todays_data.loc[dog_name,track,race_number]['conf'].item()
Traceback (most recent call last):
  File "/root/grv_model/flumine_betting/flumine betting.py", line 1, in <module>
    from flumine import Flumine, clients
ModuleNotFoundError: No module named 'flumine'
/root/grv_model/flumine_betting/flumine betting.py:61: PerformanceWarning: indexing past lexsort depth may impact performance.
  model_price = todays_data.loc[dog_name,track,race_number]['pred_price'].item()
/root/grv_model/flumine_betting/flumine betting.py:62: PerformanceWarning: indexing past lexsort depth may impact performance.
  model_prob = todays_data.loc[dog_name,track,race_number]['conf'].item()
/root/grv_model/flumine_betting/flumine betting.py:61: PerformanceWarning: indexing past lexsort depth may impact performance.
  model_price = todays_data.loc[dog_name,track,race_number]['pred_price'].item()
/root/grv_model/flumine_betting/flumine betting.py:62: PerformanceWarning: indexing past lexsort depth may impact performance.
  model_prob = todays_data.loc[dog_name,track,race_number]['conf'].item()
['Dubbo', 'Richmond', 'The Gardens', 'Wentworth Park']
starting strategy 'FlatBetting' using the model we created the Greyhound modelling in Python Tutorial
/root/grv_model/flumine_betting/flumine betting.py:61: PerformanceWarning: indexing past lexsort depth may impact performance.
  model_price = todays_data.loc[dog_name,track,race_number]['pred_price'].item()
/root/grv_model/flumine_betting/flumine betting.py:62: PerformanceWarning: indexing past lexsort depth may impact performance.
  model_prob = todays_data.loc[dog_name,track,race_number]['conf'].item()
['Grafton', 'Richmond']
starting strategy 'FlatBetting' using the model we created the Greyhound modelling in Python Tutorial
/root/grv_model/flumine_betting/flumine betting.py:61: PerformanceWarning: indexing past lexsort depth may impact performance.
  model_price = todays_data.loc[dog_name,track,race_number]['pred_price'].item()
/root/grv_model/flumine_betting/flumine betting.py:62: PerformanceWarning: indexing past lexsort depth may impact performance.
  model_prob = todays_data.loc[dog_name,track,race_number]['conf'].item()
['Dubbo', 'Maitland', 'Nowra']
starting strategy 'FlatBetting' using the model we created the Greyhound modelling in Python Tutorial
/root/grv_model/flumine_betting/flumine betting.py:61: PerformanceWarning: indexing past lexsort depth may impact performance.
  model_price = todays_data.loc[dog_name,track,race_number]['pred_price'].item()
/root/grv_model/flumine_betting/flumine betting.py:62: PerformanceWarning: indexing past lexsort depth may impact performance.
  model_prob = todays_data.loc[dog_name,track,race_number]['conf'].item()
/root/grv_model/flumine_betting/flumine betting.py:61: PerformanceWarning: indexing past lexsort depth may impact performance.
  model_price = todays_data.loc[dog_name,track,race_number]['pred_price'].item()
/root/grv_model/flumine_betting/flumine betting.py:62: PerformanceWarning: indexing past lexsort depth may impact performance.
  model_prob = todays_data.loc[dog_name,track,race_number]['conf'].item()
['Gosford', 'Grafton']
starting strategy 'FlatBetting' using the model we created the Greyhound modelling in Python Tutorial
/root/grv_model/flumine_betting/flumine betting.py:61: PerformanceWarning: indexing past lexsort depth may impact performance.
  model_price = todays_data.loc[dog_name,track,race_number]['pred_price'].item()
/root/grv_model/flumine_betting/flumine betting.py:62: PerformanceWarning: indexing past lexsort depth may impact performance.
  model_prob = todays_data.loc[dog_name,track,race_number]['conf'].item()
['Richmond', 'Wentworth Park']
starting strategy 'FlatBetting' using the model we created the Greyhound modelling in Python Tutorial
/root/grv_model/flumine_betting/flumine betting.py:61: PerformanceWarning: indexing past lexsort depth may impact performance.
  model_price = todays_data.loc[dog_name,track,race_number]['pred_price'].item()
/root/grv_model/flumine_betting/flumine betting.py:62: PerformanceWarning: indexing past lexsort depth may impact performance.
  model_prob = todays_data.loc[dog_name,track,race_number]['conf'].item()
/root/grv_model/flumine_betting/flumine betting.py:61: PerformanceWarning: indexing past lexsort depth may impact performance.
  model_price = todays_data.loc[dog_name,track,race_number]['pred_price'].item()
/root/grv_model/flumine_betting/flumine betting.py:62: PerformanceWarning: indexing past lexsort depth may impact performance.
  model_prob = todays_data.loc[dog_name,track,race_number]['conf'].item()
/root/grv_model/flumine_betting/flumine betting.py:61: PerformanceWarning: indexing past lexsort depth may impact performance.
  model_price = todays_data.loc[dog_name,track,race_number]['pred_price'].item()
/root/grv_model/flumine_betting/flumine betting.py:62: PerformanceWarning: indexing past lexsort depth may impact performance.
  model_prob = todays_data.loc[dog_name,track,race_number]['conf'].item()
['Goulburn', 'Richmond', 'The Gardens', 'Wentworth Park']
starting strategy 'FlatBetting' using the model we created the Greyhound modelling in Python Tutorial
['Dubbo', 'The Gardens', 'Wentworth Park']
starting strategy 'FlatBetting' using the model we created the Greyhound modelling in Python Tutorial
/root/grv_model/flumine_betting/flumine betting.py:61: PerformanceWarning: indexing past lexsort depth may impact performance.
  model_price = todays_data.loc[dog_name,track,race_number]['pred_price'].item()
/root/grv_model/flumine_betting/flumine betting.py:62: PerformanceWarning: indexing past lexsort depth may impact performance.
  model_prob = todays_data.loc[dog_name,track,race_number]['conf'].item()
['Dubbo', 'Maitland', 'Nowra']
starting strategy 'FlatBetting' using the model we created the Greyhound modelling in Python Tutorial
/root/grv_model/flumine_betting/flumine betting.py:61: PerformanceWarning: indexing past lexsort depth may impact performance.
  model_price = todays_data.loc[dog_name,track,race_number]['pred_price'].item()
/root/grv_model/flumine_betting/flumine betting.py:62: PerformanceWarning: indexing past lexsort depth may impact performance.
  model_prob = todays_data.loc[dog_name,track,race_number]['conf'].item()
/root/grv_model/flumine_betting/flumine betting.py:61: PerformanceWarning: indexing past lexsort depth may impact performance.
  model_price = todays_data.loc[dog_name,track,race_number]['pred_price'].item()
/root/grv_model/flumine_betting/flumine betting.py:62: PerformanceWarning: indexing past lexsort depth may impact performance.
  model_prob = todays_data.loc[dog_name,track,race_number]['conf'].item()
['Bulli', 'Casino', 'Gosford']
starting strategy 'FlatBetting' using the model we created the Greyhound modelling in Python Tutorial
['Richmond', 'Wentworth Park']
starting strategy 'FlatBetting' using the model we created the Greyhound modelling in Python Tutorial
Traceback (most recent call last):
  File "/root/anaconda3/envs/pytorch/lib/python3.10/site-packages/flumine/flumine.py", line 29, in run
    event = handler_queue_get()
  File "/root/anaconda3/envs/pytorch/lib/python3.10/queue.py", line 171, in get
    self.not_empty.wait()
  File "/root/anaconda3/envs/pytorch/lib/python3.10/threading.py", line 320, in wait
    waiter.acquire()
KeyboardInterrupt

During handling of the above exception, another exception occurred:

Traceback (most recent call last):
  File "/root/grv_model/flumine_betting/flumine betting.py", line 301, in <module>
    framework.run()
  File "/root/anaconda3/envs/pytorch/lib/python3.10/site-packages/flumine/flumine.py", line 27, in run
    with self:
  File "/root/anaconda3/envs/pytorch/lib/python3.10/site-packages/flumine/baseflumine.py", line 435, in __exit__
    w.shutdown()
  File "/root/anaconda3/envs/pytorch/lib/python3.10/site-packages/flumine/worker.py", line 90, in shutdown
    self.join(timeout)
  File "/root/anaconda3/envs/pytorch/lib/python3.10/threading.py", line 1100, in join
    self._wait_for_tstate_lock(timeout=max(timeout, 0))
  File "/root/anaconda3/envs/pytorch/lib/python3.10/threading.py", line 1116, in _wait_for_tstate_lock
    if lock.acquire(block, timeout):
KeyboardInterrupt
/root/grv_model/flumine_betting/flumine betting.py:61: PerformanceWarning: indexing past lexsort depth may impact performance.
  model_price = todays_data.loc[dog_name,track,race_number]['pred_price'].item()
/root/grv_model/flumine_betting/flumine betting.py:62: PerformanceWarning: indexing past lexsort depth may impact performance.
  model_prob = todays_data.loc[dog_name,track,race_number]['conf'].item()
['Richmond', 'Wentworth Park']
starting strategy 'FlatBetting' using the model we created the Greyhound modelling in Python Tutorial
/root/grv_model/flumine_betting/flumine betting.py:61: PerformanceWarning: indexing past lexsort depth may impact performance.
  model_price = todays_data.loc[dog_name,track,race_number]['pred_price'].item()
/root/grv_model/flumine_betting/flumine betting.py:62: PerformanceWarning: indexing past lexsort depth may impact performance.
  model_prob = todays_data.loc[dog_name,track,race_number]['conf'].item()
['Grafton', 'Richmond']
starting strategy 'FlatBetting' using the model we created the Greyhound modelling in Python Tutorial
/root/grv_model/flumine_betting/flumine betting.py:61: PerformanceWarning: indexing past lexsort depth may impact performance.
  model_price = todays_data.loc[dog_name,track,race_number]['pred_price'].item()
/root/grv_model/flumine_betting/flumine betting.py:62: PerformanceWarning: indexing past lexsort depth may impact performance.
  model_prob = todays_data.loc[dog_name,track,race_number]['conf'].item()
['Maitland', 'Nowra', 'Richmond']
starting strategy 'FlatBetting' using the model we created the Greyhound modelling in Python Tutorial
/root/grv_model/flumine_betting/flumine betting.py:61: PerformanceWarning: indexing past lexsort depth may impact performance.
  model_price = todays_data.loc[dog_name,track,race_number]['pred_price'].item()
/root/grv_model/flumine_betting/flumine betting.py:62: PerformanceWarning: indexing past lexsort depth may impact performance.
  model_prob = todays_data.loc[dog_name,track,race_number]['conf'].item()
['Gosford']
starting strategy 'FlatBetting' using the model we created the Greyhound modelling in Python Tutorial
/root/grv_model/flumine_betting/flumine betting.py:61: PerformanceWarning: indexing past lexsort depth may impact performance.
  model_price = todays_data.loc[dog_name,track,race_number]['pred_price'].item()
/root/grv_model/flumine_betting/flumine betting.py:62: PerformanceWarning: indexing past lexsort depth may impact performance.
  model_prob = todays_data.loc[dog_name,track,race_number]['conf'].item()
/root/grv_model/flumine_betting/flumine_paper.py:61: PerformanceWarning: indexing past lexsort depth may impact performance.
  model_price = todays_data.loc[dog_name,track,race_number]['pred_price'].item()
/root/grv_model/flumine_betting/flumine_paper.py:61: PerformanceWarning: indexing past lexsort depth may impact performance.
  model_price = todays_data.loc[dog_name,track,race_number]['pred_price'].item()
/root/grv_model/flumine_betting/flumine_paper.py:62: PerformanceWarning: indexing past lexsort depth may impact performance.
  model_prob = todays_data.loc[dog_name,track,race_number]['conf'].item()
/root/grv_model/flumine_betting/flumine_paper.py:62: PerformanceWarning: indexing past lexsort depth may impact performance.
  model_prob = todays_data.loc[dog_name,track,race_number]['conf'].item()
/root/grv_model/flumine_betting/flumine betting.py:61: PerformanceWarning: indexing past lexsort depth may impact performance.
  model_price = todays_data.loc[dog_name,track,race_number]['pred_price'].item()
/root/grv_model/flumine_betting/flumine betting.py:62: PerformanceWarning: indexing past lexsort depth may impact performance.
  model_prob = todays_data.loc[dog_name,track,race_number]['conf'].item()
/root/grv_model/flumine_betting/flumine betting.py:61: PerformanceWarning: indexing past lexsort depth may impact performance.
  model_price = todays_data.loc[dog_name,track,race_number]['pred_price'].item()
/root/grv_model/flumine_betting/flumine betting.py:62: PerformanceWarning: indexing past lexsort depth may impact performance.
  model_prob = todays_data.loc[dog_name,track,race_number]['conf'].item()
['Healesville', 'Taree']
starting strategy 'FlatBetting' using the model we created the Greyhound modelling in Python Tutorial
['Healesville', 'Taree']
starting strategy 'FlatBetting' using the model we created the Greyhound modelling in Python Tutorial
['Richmond', 'Wentworth Park']
starting strategy 'FlatBetting' using the model we created the Greyhound modelling in Python Tutorial
['Healesville', 'Taree']
starting strategy 'FlatBetting' using the model we created the Greyhound modelling in Python Tutorial
python: can't open file '/root/grv_model/flumine_betting/flumine': [Errno 2] No such file or directory
/root/grv_model/flumine_betting/flumine_betting.py:61: PerformanceWarning: indexing past lexsort depth may impact performance.
  model_price = todays_data.loc[dog_name,track,race_number]['pred_price'].item()
/root/grv_model/flumine_betting/flumine_betting.py:62: PerformanceWarning: indexing past lexsort depth may impact performance.
  model_prob = todays_data.loc[dog_name,track,race_number]['conf'].item()
['Addington', 'Manukau']
starting strategy 'FlatBetting' using the model we created the Greyhound modelling in Python Tutorial
/root/grv_model/flumine_betting/flumine_betting.py:61: PerformanceWarning: indexing past lexsort depth may impact performance.
  model_price = todays_data.loc[dog_name,track,race_number]['pred_price'].item()
/root/grv_model/flumine_betting/flumine_betting.py:62: PerformanceWarning: indexing past lexsort depth may impact performance.
  model_prob = todays_data.loc[dog_name,track,race_number]['conf'].item()
/root/grv_model/flumine_betting/flumine_betting.py:61: PerformanceWarning: indexing past lexsort depth may impact performance.
  model_price = todays_data.loc[dog_name,track,race_number]['pred_price'].item()
/root/grv_model/flumine_betting/flumine_betting.py:62: PerformanceWarning: indexing past lexsort depth may impact performance.
  model_prob = todays_data.loc[dog_name,track,race_number]['conf'].item()
/root/grv_model/flumine_betting/flumine_betting.py:61: PerformanceWarning: indexing past lexsort depth may impact performance.
  model_price = todays_data.loc[dog_name,track,race_number]['pred_price'].item()
/root/grv_model/flumine_betting/flumine_betting.py:62: PerformanceWarning: indexing past lexsort depth may impact performance.
  model_prob = todays_data.loc[dog_name,track,race_number]['conf'].item()
['Richmond', 'Traralgon', 'Wagga']
starting strategy 'FlatBetting' using the model we created the Greyhound modelling in Python Tutorial
['Horsham']
starting strategy 'FlatBetting' using the model we created the Greyhound modelling in Python Tutorial
['Addington']
starting strategy 'FlatBetting' using the model we created the Greyhound modelling in Python Tutorial
['Goulburn', 'Healesville']
starting strategy 'FlatBetting' using the model we created the Greyhound modelling in Python Tutorial
['Richmond', 'Shepparton']
starting strategy 'FlatBetting' using the model we created the Greyhound modelling in Python Tutorial
/root/grv_model/flumine_betting/flumine_betting.py:61: PerformanceWarning: indexing past lexsort depth may impact performance.
  model_price = todays_data.loc[dog_name,track,race_number]['pred_price'].item()
/root/grv_model/flumine_betting/flumine_betting.py:62: PerformanceWarning: indexing past lexsort depth may impact performance.
  model_prob = todays_data.loc[dog_name,track,race_number]['conf'].item()
/root/grv_model/flumine_betting/flumine_betting.py:61: PerformanceWarning: indexing past lexsort depth may impact performance.
  model_price = todays_data.loc[dog_name,track,race_number]['pred_price'].item()
/root/grv_model/flumine_betting/flumine_betting.py:62: PerformanceWarning: indexing past lexsort depth may impact performance.
  model_prob = todays_data.loc[dog_name,track,race_number]['conf'].item()
/root/grv_model/flumine_betting/flumine_betting.py:61: PerformanceWarning: indexing past lexsort depth may impact performance.
  model_price = todays_data.loc[dog_name,track,race_number]['pred_price'].item()
/root/grv_model/flumine_betting/flumine_betting.py:62: PerformanceWarning: indexing past lexsort depth may impact performance.
  model_prob = todays_data.loc[dog_name,track,race_number]['conf'].item()
['Bulli', 'Casino', 'Gosford', 'Horsham']
starting strategy 'FlatBetting' using the model we created the Greyhound modelling in Python Tutorial
/root/grv_model/flumine_betting/flumine_betting.py:61: PerformanceWarning: indexing past lexsort depth may impact performance.
  model_price = todays_data.loc[dog_name,track,race_number]['pred_price'].item()
/root/grv_model/flumine_betting/flumine_betting.py:62: PerformanceWarning: indexing past lexsort depth may impact performance.
  model_prob = todays_data.loc[dog_name,track,race_number]['conf'].item()
/root/grv_model/flumine_betting/flumine_betting.py:61: PerformanceWarning: indexing past lexsort depth may impact performance.
  model_price = todays_data.loc[dog_name,track,race_number]['pred_price'].item()
/root/grv_model/flumine_betting/flumine_betting.py:62: PerformanceWarning: indexing past lexsort depth may impact performance.
  model_prob = todays_data.loc[dog_name,track,race_number]['conf'].item()
['Richmond', 'Taree', 'Wentworth Park']
starting strategy 'FlatBetting' using the model we created the Greyhound modelling in Python Tutorial
['Manawatu']
starting strategy 'FlatBetting' using the model we created the Greyhound modelling in Python Tutorial
/root/grv_model/flumine_betting/flumine_betting.py:61: PerformanceWarning: indexing past lexsort depth may impact performance.
  model_price = todays_data.loc[dog_name,track,race_number]['pred_price'].item()
/root/grv_model/flumine_betting/flumine_betting.py:62: PerformanceWarning: indexing past lexsort depth may impact performance.
  model_prob = todays_data.loc[dog_name,track,race_number]['conf'].item()
/root/grv_model/flumine_betting/flumine_betting.py:61: PerformanceWarning: indexing past lexsort depth may impact performance.
  model_price = todays_data.loc[dog_name,track,race_number]['pred_price'].item()
/root/grv_model/flumine_betting/flumine_betting.py:62: PerformanceWarning: indexing past lexsort depth may impact performance.
  model_prob = todays_data.loc[dog_name,track,race_number]['conf'].item()
/root/grv_model/flumine_betting/flumine_betting.py:61: PerformanceWarning: indexing past lexsort depth may impact performance.
  model_price = todays_data.loc[dog_name,track,race_number]['pred_price'].item()
/root/grv_model/flumine_betting/flumine_betting.py:62: PerformanceWarning: indexing past lexsort depth may impact performance.
  model_prob = todays_data.loc[dog_name,track,race_number]['conf'].item()
/root/grv_model/flumine_betting/flumine_betting.py:61: PerformanceWarning: indexing past lexsort depth may impact performance.
  model_price = todays_data.loc[dog_name,track,race_number]['pred_price'].item()
/root/grv_model/flumine_betting/flumine_betting.py:62: PerformanceWarning: indexing past lexsort depth may impact performance.
  model_prob = todays_data.loc[dog_name,track,race_number]['conf'].item()
['Casino', 'Warrnambool']
starting strategy 'FlatBetting' using the model we created the Greyhound modelling in Python Tutorial
['Addington', 'Manukau']
starting strategy 'FlatBetting' using the model we created the Greyhound modelling in Python Tutorial
python: can't open file '/root/grv_model/flumine_betting/flumine_betting/': [Errno 2] No such file or directory
/root/grv_model/flumine_betting/flumine_betting.py:61: PerformanceWarning: indexing past lexsort depth may impact performance.
  model_price = todays_data.loc[dog_name,track,race_number]['pred_price'].item()
/root/grv_model/flumine_betting/flumine_betting.py:62: PerformanceWarning: indexing past lexsort depth may impact performance.
  model_prob = todays_data.loc[dog_name,track,race_number]['conf'].item()
/root/grv_model/flumine_betting/flumine_betting.py:61: PerformanceWarning: indexing past lexsort depth may impact performance.
  model_price = todays_data.loc[dog_name,track,race_number]['pred_price'].item()
/root/grv_model/flumine_betting/flumine_betting.py:62: PerformanceWarning: indexing past lexsort depth may impact performance.
  model_prob = todays_data.loc[dog_name,track,race_number]['conf'].item()
/root/grv_model/flumine_betting/flumine_betting.py:61: PerformanceWarning: indexing past lexsort depth may impact performance.
  model_price = todays_data.loc[dog_name,track,race_number]['pred_price'].item()
/root/grv_model/flumine_betting/flumine_betting.py:62: PerformanceWarning: indexing past lexsort depth may impact performance.
  model_prob = todays_data.loc[dog_name,track,race_number]['conf'].item()
/root/grv_model/flumine_betting/flumine_betting.py:61: PerformanceWarning: indexing past lexsort depth may impact performance.
  model_price = todays_data.loc[dog_name,track,race_number]['pred_price'].item()
/root/grv_model/flumine_betting/flumine_betting.py:62: PerformanceWarning: indexing past lexsort depth may impact performance.
  model_prob = todays_data.loc[dog_name,track,race_number]['conf'].item()
/root/grv_model/flumine_betting/flumine_betting.py:61: PerformanceWarning: indexing past lexsort depth may impact performance.
  model_price = todays_data.loc[dog_name,track,race_number]['pred_price'].item()
/root/grv_model/flumine_betting/flumine_betting.py:62: PerformanceWarning: indexing past lexsort depth may impact performance.
  model_prob = todays_data.loc[dog_name,track,race_number]['conf'].item()
['Addington', 'Hatrick']
starting strategy 'FlatBetting' using the model we created the Greyhound modelling in Python Tutorial
/root/grv_model/flumine_betting/flumine_betting.py:61: PerformanceWarning: indexing past lexsort depth may impact performance.
  model_price = todays_data.loc[dog_name,track,race_number]['pred_price'].item()
/root/grv_model/flumine_betting/flumine_betting.py:62: PerformanceWarning: indexing past lexsort depth may impact performance.
  model_prob = todays_data.loc[dog_name,track,race_number]['conf'].item()
/root/grv_model/flumine_betting/flumine_betting.py:61: PerformanceWarning: indexing past lexsort depth may impact performance.
  model_price = todays_data.loc[dog_name,track,race_number]['pred_price'].item()
/root/grv_model/flumine_betting/flumine_betting.py:61: PerformanceWarning: indexing past lexsort depth may impact performance.
  model_price = todays_data.loc[dog_name,track,race_number]['pred_price'].item()
/root/grv_model/flumine_betting/flumine_betting.py:62: PerformanceWarning: indexing past lexsort depth may impact performance.
  model_prob = todays_data.loc[dog_name,track,race_number]['conf'].item()
/root/grv_model/flumine_betting/flumine_betting.py:62: PerformanceWarning: indexing past lexsort depth may impact performance.
  model_prob = todays_data.loc[dog_name,track,race_number]['conf'].item()
/root/grv_model/flumine_betting/flumine_betting.py:61: PerformanceWarning: indexing past lexsort depth may impact performance.
  model_price = todays_data.loc[dog_name,track,race_number]['pred_price'].item()
/root/grv_model/flumine_betting/flumine_betting.py:62: PerformanceWarning: indexing past lexsort depth may impact performance.
  model_prob = todays_data.loc[dog_name,track,race_number]['conf'].item()
['Manukau']
starting strategy 'FlatBetting' using the model we created the Greyhound modelling in Python Tutorial
['Grafton']
starting strategy 'FlatBetting' using the model we created the Greyhound modelling in Python Tutorial
['Addington']
Traceback (most recent call last):
  File "/root/grv_model/flumine_betting/flumine_betting.py", line 302, in <module>
    framework.run()
  File "/root/anaconda3/envs/pytorch/lib/python3.10/site-packages/flumine/flumine.py", line 27, in run
    with self:
  File "/root/anaconda3/envs/pytorch/lib/python3.10/site-packages/flumine/baseflumine.py", line 412, in __enter__
    self.clients.login()
  File "/root/anaconda3/envs/pytorch/lib/python3.10/site-packages/flumine/clients/clients.py", line 58, in login
    client.login()
  File "/root/anaconda3/envs/pytorch/lib/python3.10/site-packages/flumine/clients/betfairclient.py", line 27, in login
    return self.betting_client.login_interactive()
  File "/root/anaconda3/envs/pytorch/lib/python3.10/site-packages/betfairlightweight/endpoints/logininteractive.py", line 30, in __call__
    (response, response_json, elapsed_time) = self.request(
  File "/root/anaconda3/envs/pytorch/lib/python3.10/site-packages/betfairlightweight/endpoints/logininteractive.py", line 44, in request
    response = session.post(
  File "/root/anaconda3/envs/pytorch/lib/python3.10/site-packages/requests/api.py", line 115, in post
    return request("post", url, data=data, json=json, **kwargs)
  File "/root/anaconda3/envs/pytorch/lib/python3.10/site-packages/requests/api.py", line 59, in request
    return session.request(method=method, url=url, **kwargs)
  File "/root/anaconda3/envs/pytorch/lib/python3.10/site-packages/requests/sessions.py", line 587, in request
    resp = self.send(prep, **send_kwargs)
  File "/root/anaconda3/envs/pytorch/lib/python3.10/site-packages/requests/sessions.py", line 701, in send
    r = adapter.send(request, **kwargs)
  File "/root/anaconda3/envs/pytorch/lib/python3.10/site-packages/requests/adapters.py", line 489, in send
    resp = conn.urlopen(
  File "/root/anaconda3/envs/pytorch/lib/python3.10/site-packages/urllib3/connectionpool.py", line 703, in urlopen
    httplib_response = self._make_request(
  File "/root/anaconda3/envs/pytorch/lib/python3.10/site-packages/urllib3/connectionpool.py", line 449, in _make_request
    six.raise_from(e, None)
  File "<string>", line 3, in raise_from
  File "/root/anaconda3/envs/pytorch/lib/python3.10/site-packages/urllib3/connectionpool.py", line 444, in _make_request
    httplib_response = conn.getresponse()
  File "/root/anaconda3/envs/pytorch/lib/python3.10/http/client.py", line 1374, in getresponse
    response.begin()
  File "/root/anaconda3/envs/pytorch/lib/python3.10/http/client.py", line 318, in begin
    version, status, reason = self._read_status()
  File "/root/anaconda3/envs/pytorch/lib/python3.10/http/client.py", line 279, in _read_status
    line = str(self.fp.readline(_MAXLINE + 1), "iso-8859-1")
  File "/root/anaconda3/envs/pytorch/lib/python3.10/socket.py", line 705, in readinto
    return self._sock.recv_into(b)
  File "/root/anaconda3/envs/pytorch/lib/python3.10/ssl.py", line 1274, in recv_into
    return self.read(nbytes, buffer)
  File "/root/anaconda3/envs/pytorch/lib/python3.10/ssl.py", line 1130, in read
    return self._sslobj.read(len, buffer)
KeyboardInterrupt
['Addington']
starting strategy 'FlatBetting' using the model we created the Greyhound modelling in Python Tutorial
['Manawatu']
Traceback (most recent call last):
  File "/root/grv_model/flumine_betting/flumine_betting.py", line 302, in <module>
    framework.run()
  File "/root/anaconda3/envs/pytorch/lib/python3.10/site-packages/flumine/flumine.py", line 27, in run
    with self:
  File "/root/anaconda3/envs/pytorch/lib/python3.10/site-packages/flumine/baseflumine.py", line 413, in __enter__
    self.clients.update_account_details()
  File "/root/anaconda3/envs/pytorch/lib/python3.10/site-packages/flumine/clients/clients.py", line 73, in update_account_details
    client.update_account_details()
  File "/root/anaconda3/envs/pytorch/lib/python3.10/site-packages/flumine/clients/betfairclient.py", line 76, in update_account_details
    account_funds = self._get_account_funds()
  File "/root/anaconda3/envs/pytorch/lib/python3.10/site-packages/flumine/clients/betfairclient.py", line 96, in _get_account_funds
    return self.betting_client.account.get_account_funds()
  File "/root/anaconda3/envs/pytorch/lib/python3.10/site-packages/betfairlightweight/endpoints/account.py", line 35, in get_account_funds
    (response, response_json, elapsed_time) = self.request(method, params, session)
  File "/root/anaconda3/envs/pytorch/lib/python3.10/site-packages/betfairlightweight/endpoints/baseendpoint.py", line 36, in request
    response = session.post(
  File "/root/anaconda3/envs/pytorch/lib/python3.10/site-packages/requests/api.py", line 115, in post
    return request("post", url, data=data, json=json, **kwargs)
  File "/root/anaconda3/envs/pytorch/lib/python3.10/site-packages/requests/api.py", line 59, in request
    return session.request(method=method, url=url, **kwargs)
  File "/root/anaconda3/envs/pytorch/lib/python3.10/site-packages/requests/sessions.py", line 587, in request
    resp = self.send(prep, **send_kwargs)
  File "/root/anaconda3/envs/pytorch/lib/python3.10/site-packages/requests/sessions.py", line 701, in send
    r = adapter.send(request, **kwargs)
  File "/root/anaconda3/envs/pytorch/lib/python3.10/site-packages/requests/adapters.py", line 489, in send
    resp = conn.urlopen(
  File "/root/anaconda3/envs/pytorch/lib/python3.10/site-packages/urllib3/connectionpool.py", line 703, in urlopen
    httplib_response = self._make_request(
  File "/root/anaconda3/envs/pytorch/lib/python3.10/site-packages/urllib3/connectionpool.py", line 386, in _make_request
    self._validate_conn(conn)
  File "/root/anaconda3/envs/pytorch/lib/python3.10/site-packages/urllib3/connectionpool.py", line 1042, in _validate_conn
    conn.connect()
  File "/root/anaconda3/envs/pytorch/lib/python3.10/site-packages/urllib3/connection.py", line 358, in connect
    self.sock = conn = self._new_conn()
  File "/root/anaconda3/envs/pytorch/lib/python3.10/site-packages/urllib3/connection.py", line 174, in _new_conn
    conn = connection.create_connection(
  File "/root/anaconda3/envs/pytorch/lib/python3.10/site-packages/urllib3/util/connection.py", line 85, in create_connection
    sock.connect(sa)
KeyboardInterrupt
['Manawatu']
starting strategy 'FlatBetting' using the model we created the Greyhound modelling in Python Tutorial
/root/grv_model/flumine_betting/flumine_betting.py:61: PerformanceWarning: indexing past lexsort depth may impact performance.
  model_price = todays_data.loc[dog_name,track,race_number]['pred_price'].item()
/root/grv_model/flumine_betting/flumine_betting.py:62: PerformanceWarning: indexing past lexsort depth may impact performance.
  model_prob = todays_data.loc[dog_name,track,race_number]['conf'].item()
/root/grv_model/flumine_betting/flumine_paper.py:61: PerformanceWarning: indexing past lexsort depth may impact performance.
  model_price = todays_data.loc[dog_name,track,race_number]['pred_price'].item()
/root/grv_model/flumine_betting/flumine_paper.py:62: PerformanceWarning: indexing past lexsort depth may impact performance.
  model_prob = todays_data.loc[dog_name,track,race_number]['conf'].item()
['Angle Park', 'Casino', 'Dapto', 'Gunnedah', 'Mount Gambier', 'Sandown Park', 'Shepparton', 'Warragul', 'Warrnambool']
starting strategy 'FlatBetting' using the model we created the Greyhound modelling in Python Tutorial
['Addington', 'Manukau']
starting strategy 'FlatBetting' using the model we created the Greyhound modelling in Python Tutorial
/root/grv_model/flumine_betting/flumine_betting.py:61: PerformanceWarning: indexing past lexsort depth may impact performance.
  model_price = todays_data.loc[dog_name,track,race_number]['pred_price'].item()
/root/grv_model/flumine_betting/flumine_betting.py:62: PerformanceWarning: indexing past lexsort depth may impact performance.
  model_prob = todays_data.loc[dog_name,track,race_number]['conf'].item()
/root/grv_model/flumine_betting/flumine_betting.py:61: PerformanceWarning: indexing past lexsort depth may impact performance.
  model_price = todays_data.loc[dog_name,track,race_number]['pred_price'].item()
/root/grv_model/flumine_betting/flumine_betting.py:62: PerformanceWarning: indexing past lexsort depth may impact performance.
  model_prob = todays_data.loc[dog_name,track,race_number]['conf'].item()
/root/grv_model/flumine_betting/flumine_betting.py:61: PerformanceWarning: indexing past lexsort depth may impact performance.
  model_price = todays_data.loc[dog_name,track,race_number]['pred_price'].item()
/root/grv_model/flumine_betting/flumine_betting.py:62: PerformanceWarning: indexing past lexsort depth may impact performance.
  model_prob = todays_data.loc[dog_name,track,race_number]['conf'].item()
/root/grv_model/flumine_betting/flumine_betting.py:61: PerformanceWarning: indexing past lexsort depth may impact performance.
  model_price = todays_data.loc[dog_name,track,race_number]['pred_price'].item()
/root/grv_model/flumine_betting/flumine_betting.py:62: PerformanceWarning: indexing past lexsort depth may impact performance.
  model_prob = todays_data.loc[dog_name,track,race_number]['conf'].item()
['Hatrick']
starting strategy 'FlatBetting' using the model we created the Greyhound modelling in Python Tutorial
['Hatrick']
starting strategy 'FlatBetting' using the model we created the Greyhound modelling in Python Tutorial
['Hatrick']
starting strategy 'FlatBetting' using the model we created the Greyhound modelling in Python Tutorial
/root/grv_model/flumine_betting/flumine_betting.py:61: PerformanceWarning: indexing past lexsort depth may impact performance.
  model_price = todays_data.loc[dog_name,track,race_number]['pred_price'].item()
/root/grv_model/flumine_betting/flumine_betting.py:62: PerformanceWarning: indexing past lexsort depth may impact performance.
  model_prob = todays_data.loc[dog_name,track,race_number]['conf'].item()
['Manukau']
starting strategy 'FlatBetting' using the model we created the Greyhound modelling in Python Tutorial
['Addington']
starting strategy 'FlatBetting' using the model we created the Greyhound modelling in Python Tutorial
Traceback (most recent call last):
  File "/root/anaconda3/envs/pytorch/lib/python3.10/site-packages/flumine/flumine.py", line 29, in run
    event = handler_queue_get()
  File "/root/anaconda3/envs/pytorch/lib/python3.10/queue.py", line 171, in get
    self.not_empty.wait()
  File "/root/anaconda3/envs/pytorch/lib/python3.10/threading.py", line 320, in wait
    waiter.acquire()
KeyboardInterrupt

During handling of the above exception, another exception occurred:

Traceback (most recent call last):
  File "/root/grv_model/flumine_betting/flumine_betting.py", line 303, in <module>
    framework.run()
  File "/root/anaconda3/envs/pytorch/lib/python3.10/site-packages/flumine/flumine.py", line 27, in run
    with self:
  File "/root/anaconda3/envs/pytorch/lib/python3.10/site-packages/flumine/baseflumine.py", line 435, in __exit__
    w.shutdown()
  File "/root/anaconda3/envs/pytorch/lib/python3.10/site-packages/flumine/worker.py", line 90, in shutdown
    self.join(timeout)
  File "/root/anaconda3/envs/pytorch/lib/python3.10/threading.py", line 1100, in join
    self._wait_for_tstate_lock(timeout=max(timeout, 0))
  File "/root/anaconda3/envs/pytorch/lib/python3.10/threading.py", line 1116, in _wait_for_tstate_lock
    if lock.acquire(block, timeout):
KeyboardInterrupt
['Addington']
starting strategy 'FlatBetting' using the model we created the Greyhound modelling in Python Tutorial
/root/grv_model/flumine_betting/flumine_betting.py:61: PerformanceWarning: indexing past lexsort depth may impact performance.
  model_price = todays_data.loc[dog_name,track,race_number]['pred_price'].item()
/root/grv_model/flumine_betting/flumine_betting.py:62: PerformanceWarning: indexing past lexsort depth may impact performance.
  model_prob = todays_data.loc[dog_name,track,race_number]['conf'].item()
['Palmerston North']
starting strategy 'FlatBetting' using the model we created the Greyhound modelling in Python Tutorial
['Manawatu']
starting strategy 'FlatBetting' using the model we created the Greyhound modelling in Python Tutorial
['Addington', 'Hatrick']
Traceback (most recent call last):
  File "/root/grv_model/flumine_betting/flumine_betting.py", line 304, in <module>
    framework.run()
  File "/root/anaconda3/envs/pytorch/lib/python3.10/site-packages/flumine/flumine.py", line 27, in run
    with self:
  File "/root/anaconda3/envs/pytorch/lib/python3.10/site-packages/flumine/baseflumine.py", line 412, in __enter__
    self.clients.login()
  File "/root/anaconda3/envs/pytorch/lib/python3.10/site-packages/flumine/clients/clients.py", line 58, in login
    client.login()
  File "/root/anaconda3/envs/pytorch/lib/python3.10/site-packages/flumine/clients/betfairclient.py", line 27, in login
    return self.betting_client.login_interactive()
  File "/root/anaconda3/envs/pytorch/lib/python3.10/site-packages/betfairlightweight/endpoints/logininteractive.py", line 30, in __call__
    (response, response_json, elapsed_time) = self.request(
  File "/root/anaconda3/envs/pytorch/lib/python3.10/site-packages/betfairlightweight/endpoints/logininteractive.py", line 44, in request
    response = session.post(
  File "/root/anaconda3/envs/pytorch/lib/python3.10/site-packages/requests/api.py", line 115, in post
    return request("post", url, data=data, json=json, **kwargs)
  File "/root/anaconda3/envs/pytorch/lib/python3.10/site-packages/requests/api.py", line 59, in request
    return session.request(method=method, url=url, **kwargs)
  File "/root/anaconda3/envs/pytorch/lib/python3.10/site-packages/requests/sessions.py", line 587, in request
    resp = self.send(prep, **send_kwargs)
  File "/root/anaconda3/envs/pytorch/lib/python3.10/site-packages/requests/sessions.py", line 701, in send
    r = adapter.send(request, **kwargs)
  File "/root/anaconda3/envs/pytorch/lib/python3.10/site-packages/requests/adapters.py", line 489, in send
    resp = conn.urlopen(
  File "/root/anaconda3/envs/pytorch/lib/python3.10/site-packages/urllib3/connectionpool.py", line 703, in urlopen
    httplib_response = self._make_request(
  File "/root/anaconda3/envs/pytorch/lib/python3.10/site-packages/urllib3/connectionpool.py", line 449, in _make_request
    six.raise_from(e, None)
  File "<string>", line 3, in raise_from
  File "/root/anaconda3/envs/pytorch/lib/python3.10/site-packages/urllib3/connectionpool.py", line 444, in _make_request
    httplib_response = conn.getresponse()
  File "/root/anaconda3/envs/pytorch/lib/python3.10/http/client.py", line 1374, in getresponse
    response.begin()
  File "/root/anaconda3/envs/pytorch/lib/python3.10/http/client.py", line 318, in begin
    version, status, reason = self._read_status()
  File "/root/anaconda3/envs/pytorch/lib/python3.10/http/client.py", line 279, in _read_status
    line = str(self.fp.readline(_MAXLINE + 1), "iso-8859-1")
  File "/root/anaconda3/envs/pytorch/lib/python3.10/socket.py", line 705, in readinto
    return self._sock.recv_into(b)
  File "/root/anaconda3/envs/pytorch/lib/python3.10/ssl.py", line 1274, in recv_into
    return self.read(nbytes, buffer)
  File "/root/anaconda3/envs/pytorch/lib/python3.10/ssl.py", line 1130, in read
    return self._sslobj.read(len, buffer)
KeyboardInterrupt
/root/grv_model/flumine_betting/flumine_betting.py:61: PerformanceWarning: indexing past lexsort depth may impact performance.
  model_price = todays_data.loc[dog_name,track,race_number]['pred_price'].item()
/root/grv_model/flumine_betting/flumine_betting.py:62: PerformanceWarning: indexing past lexsort depth may impact performance.
  model_prob = todays_data.loc[dog_name,track,race_number]['conf'].item()
/root/grv_model/flumine_betting/flumine_betting.py:61: PerformanceWarning: indexing past lexsort depth may impact performance.
  model_price = todays_data.loc[dog_name,track,race_number]['pred_price'].item()
/root/grv_model/flumine_betting/flumine_betting.py:62: PerformanceWarning: indexing past lexsort depth may impact performance.
  model_prob = todays_data.loc[dog_name,track,race_number]['conf'].item()
/root/grv_model/flumine_betting/flumine_betting.py:61: PerformanceWarning: indexing past lexsort depth may impact performance.
  model_price = todays_data.loc[dog_name,track,race_number]['pred_price'].item()
/root/grv_model/flumine_betting/flumine_betting.py:62: PerformanceWarning: indexing past lexsort depth may impact performance.
  model_prob = todays_data.loc[dog_name,track,race_number]['conf'].item()
['Manukau']
starting strategy 'FlatBetting' using the model we created the Greyhound modelling in Python Tutorial
/root/grv_model/flumine_betting/flumine_betting.py:61: PerformanceWarning: indexing past lexsort depth may impact performance.
  model_price = todays_data.loc[dog_name,track,race_number]['pred_price'].item()
/root/grv_model/flumine_betting/flumine_betting.py:62: PerformanceWarning: indexing past lexsort depth may impact performance.
  model_prob = todays_data.loc[dog_name,track,race_number]['conf'].item()
/root/grv_model/flumine_betting/flumine_betting.py:61: PerformanceWarning: indexing past lexsort depth may impact performance.
  model_price = todays_data.loc[dog_name,track,race_number]['pred_price'].item()
/root/grv_model/flumine_betting/flumine_betting.py:62: PerformanceWarning: indexing past lexsort depth may impact performance.
  model_prob = todays_data.loc[dog_name,track,race_number]['conf'].item()
/root/grv_model/flumine_betting/flumine_betting.py:61: PerformanceWarning: indexing past lexsort depth may impact performance.
  model_price = todays_data.loc[dog_name,track,race_number]['pred_price'].item()
/root/grv_model/flumine_betting/flumine_betting.py:62: PerformanceWarning: indexing past lexsort depth may impact performance.
  model_prob = todays_data.loc[dog_name,track,race_number]['conf'].item()
/root/grv_model/flumine_betting/flumine_betting.py:61: PerformanceWarning: indexing past lexsort depth may impact performance.
  model_price = todays_data.loc[dog_name,track,race_number]['pred_price'].item()
/root/grv_model/flumine_betting/flumine_betting.py:62: PerformanceWarning: indexing past lexsort depth may impact performance.
  model_prob = todays_data.loc[dog_name,track,race_number]['conf'].item()
/root/grv_model/flumine_betting/flumine_betting.py:61: PerformanceWarning: indexing past lexsort depth may impact performance.
  model_price = todays_data.loc[dog_name,track,race_number]['pred_price'].item()
/root/grv_model/flumine_betting/flumine_betting.py:62: PerformanceWarning: indexing past lexsort depth may impact performance.
  model_prob = todays_data.loc[dog_name,track,race_number]['conf'].item()
/root/grv_model/flumine_betting/flumine_betting.py:61: PerformanceWarning: indexing past lexsort depth may impact performance.
  model_price = todays_data.loc[dog_name,track,race_number]['pred_price'].item()
/root/grv_model/flumine_betting/flumine_betting.py:62: PerformanceWarning: indexing past lexsort depth may impact performance.
  model_prob = todays_data.loc[dog_name,track,race_number]['conf'].item()
/root/grv_model/flumine_betting/flumine_betting.py:61: PerformanceWarning: indexing past lexsort depth may impact performance.
  model_price = todays_data.loc[dog_name,track,race_number]['pred_price'].item()
/root/grv_model/flumine_betting/flumine_betting.py:62: PerformanceWarning: indexing past lexsort depth may impact performance.
  model_prob = todays_data.loc[dog_name,track,race_number]['conf'].item()
/root/grv_model/flumine_betting/flumine_betting.py:61: PerformanceWarning: indexing past lexsort depth may impact performance.
  model_price = todays_data.loc[dog_name,track,race_number]['pred_price'].item()
/root/grv_model/flumine_betting/flumine_betting.py:62: PerformanceWarning: indexing past lexsort depth may impact performance.
  model_prob = todays_data.loc[dog_name,track,race_number]['conf'].item()
/root/grv_model/flumine_betting/flumine_betting.py:61: PerformanceWarning: indexing past lexsort depth may impact performance.
  model_price = todays_data.loc[dog_name,track,race_number]['pred_price'].item()
/root/grv_model/flumine_betting/flumine_betting.py:62: PerformanceWarning: indexing past lexsort depth may impact performance.
  model_prob = todays_data.loc[dog_name,track,race_number]['conf'].item()
/root/grv_model/flumine_betting/flumine_betting.py:61: PerformanceWarning: indexing past lexsort depth may impact performance.
  model_price = todays_data.loc[dog_name,track,race_number]['pred_price'].item()
/root/grv_model/flumine_betting/flumine_betting.py:62: PerformanceWarning: indexing past lexsort depth may impact performance.
  model_prob = todays_data.loc[dog_name,track,race_number]['conf'].item()
/root/grv_model/flumine_betting/flumine_betting.py:61: PerformanceWarning: indexing past lexsort depth may impact performance.
  model_price = todays_data.loc[dog_name,track,race_number]['pred_price'].item()
/root/grv_model/flumine_betting/flumine_betting.py:62: PerformanceWarning: indexing past lexsort depth may impact performance.
  model_prob = todays_data.loc[dog_name,track,race_number]['conf'].item()
/root/grv_model/flumine_betting/flumine_betting.py:61: PerformanceWarning: indexing past lexsort depth may impact performance.
  model_price = todays_data.loc[dog_name,track,race_number]['pred_price'].item()
/root/grv_model/flumine_betting/flumine_betting.py:62: PerformanceWarning: indexing past lexsort depth may impact performance.
  model_prob = todays_data.loc[dog_name,track,race_number]['conf'].item()
/root/grv_model/flumine_betting/flumine_betting.py:61: PerformanceWarning: indexing past lexsort depth may impact performance.
  model_price = todays_data.loc[dog_name,track,race_number]['pred_price'].item()
/root/grv_model/flumine_betting/flumine_betting.py:62: PerformanceWarning: indexing past lexsort depth may impact performance.
  model_prob = todays_data.loc[dog_name,track,race_number]['conf'].item()
/root/grv_model/flumine_betting/relu_flumine_betting.py:61: PerformanceWarning: indexing past lexsort depth may impact performance.
  model_price = todays_data.loc[dog_name,track,race_number]['pred_price'].item()
/root/grv_model/flumine_betting/relu_flumine_betting.py:62: PerformanceWarning: indexing past lexsort depth may impact performance.
  model_prob = todays_data.loc[dog_name,track,race_number]['conf'].item()
/root/grv_model/flumine_betting/relu_flumine_betting.py:63: PerformanceWarning: indexing past lexsort depth may impact performance.
  model_relu = todays_data.loc[dog_name,track,race_number]['relu_sum'].item()
/root/grv_model/flumine_betting/relu_flumine_betting.py:61: PerformanceWarning: indexing past lexsort depth may impact performance.
  model_price = todays_data.loc[dog_name,track,race_number]['pred_price'].item()
/root/grv_model/flumine_betting/relu_flumine_betting.py:62: PerformanceWarning: indexing past lexsort depth may impact performance.
  model_prob = todays_data.loc[dog_name,track,race_number]['conf'].item()
/root/grv_model/flumine_betting/relu_flumine_betting.py:63: PerformanceWarning: indexing past lexsort depth may impact performance.
  model_relu = todays_data.loc[dog_name,track,race_number]['relu_sum'].item()
/root/grv_model/flumine_betting/flumine_betting.py:61: PerformanceWarning: indexing past lexsort depth may impact performance.
  model_price = todays_data.loc[dog_name,track,race_number]['pred_price'].item()
/root/grv_model/flumine_betting/flumine_betting.py:62: PerformanceWarning: indexing past lexsort depth may impact performance.
  model_prob = todays_data.loc[dog_name,track,race_number]['conf'].item()
/root/grv_model/flumine_betting/relu_flumine_betting.py:61: PerformanceWarning: indexing past lexsort depth may impact performance.
  model_price = todays_data.loc[dog_name,track,race_number]['pred_price'].item()
/root/grv_model/flumine_betting/relu_flumine_betting.py:62: PerformanceWarning: indexing past lexsort depth may impact performance.
  model_prob = todays_data.loc[dog_name,track,race_number]['conf'].item()
/root/grv_model/flumine_betting/relu_flumine_betting.py:63: PerformanceWarning: indexing past lexsort depth may impact performance.
  model_relu = todays_data.loc[dog_name,track,race_number]['relu_sum'].item()
/root/grv_model/flumine_betting/relu_flumine_betting.py:61: PerformanceWarning: indexing past lexsort depth may impact performance.
  model_price = todays_data.loc[dog_name,track,race_number]['pred_price'].item()
/root/grv_model/flumine_betting/relu_flumine_betting.py:62: PerformanceWarning: indexing past lexsort depth may impact performance.
  model_prob = todays_data.loc[dog_name,track,race_number]['conf'].item()
/root/grv_model/flumine_betting/relu_flumine_betting.py:63: PerformanceWarning: indexing past lexsort depth may impact performance.
  model_relu = todays_data.loc[dog_name,track,race_number]['relu_sum'].item()
/root/grv_model/flumine_betting/flumine_betting.py:61: PerformanceWarning: indexing past lexsort depth may impact performance.
  model_price = todays_data.loc[dog_name,track,race_number]['pred_price'].item()
/root/grv_model/flumine_betting/flumine_betting.py:62: PerformanceWarning: indexing past lexsort depth may impact performance.
  model_prob = todays_data.loc[dog_name,track,race_number]['conf'].item()
/root/grv_model/flumine_betting/relu_flumine_betting.py:61: PerformanceWarning: indexing past lexsort depth may impact performance.
  model_price = todays_data.loc[dog_name,track,race_number]['pred_price'].item()
/root/grv_model/flumine_betting/relu_flumine_betting.py:62: PerformanceWarning: indexing past lexsort depth may impact performance.
  model_prob = todays_data.loc[dog_name,track,race_number]['conf'].item()
/root/grv_model/flumine_betting/relu_flumine_betting.py:63: PerformanceWarning: indexing past lexsort depth may impact performance.
  model_relu = todays_data.loc[dog_name,track,race_number]['relu_sum'].item()
/root/grv_model/flumine_betting/relu_flumine_betting.py:61: PerformanceWarning: indexing past lexsort depth may impact performance.
  model_price = todays_data.loc[dog_name,track,race_number]['pred_price'].item()
/root/grv_model/flumine_betting/relu_flumine_betting.py:62: PerformanceWarning: indexing past lexsort depth may impact performance.
  model_prob = todays_data.loc[dog_name,track,race_number]['conf'].item()
/root/grv_model/flumine_betting/relu_flumine_betting.py:63: PerformanceWarning: indexing past lexsort depth may impact performance.
  model_relu = todays_data.loc[dog_name,track,race_number]['relu_sum'].item()
/root/grv_model/flumine_betting/flumine_betting.py:61: PerformanceWarning: indexing past lexsort depth may impact performance.
  model_price = todays_data.loc[dog_name,track,race_number]['pred_price'].item()
/root/grv_model/flumine_betting/flumine_betting.py:62: PerformanceWarning: indexing past lexsort depth may impact performance.
  model_prob = todays_data.loc[dog_name,track,race_number]['conf'].item()
/root/grv_model/flumine_betting/flumine_betting.py:61: PerformanceWarning: indexing past lexsort depth may impact performance.
  model_price = todays_data.loc[dog_name,track,race_number]['pred_price'].item()
/root/grv_model/flumine_betting/flumine_betting.py:62: PerformanceWarning: indexing past lexsort depth may impact performance.
  model_prob = todays_data.loc[dog_name,track,race_number]['conf'].item()
/root/grv_model/flumine_betting/relu_flumine_betting.py:61: PerformanceWarning: indexing past lexsort depth may impact performance.
  model_price = todays_data.loc[dog_name,track,race_number]['pred_price'].item()
/root/grv_model/flumine_betting/relu_flumine_betting.py:62: PerformanceWarning: indexing past lexsort depth may impact performance.
  model_prob = todays_data.loc[dog_name,track,race_number]['conf'].item()
/root/grv_model/flumine_betting/relu_flumine_betting.py:63: PerformanceWarning: indexing past lexsort depth may impact performance.
  model_relu = todays_data.loc[dog_name,track,race_number]['relu_sum'].item()
/root/grv_model/flumine_betting/flumine_betting.py:61: PerformanceWarning: indexing past lexsort depth may impact performance.
  model_price = todays_data.loc[dog_name,track,race_number]['pred_price'].item()
/root/grv_model/flumine_betting/flumine_betting.py:62: PerformanceWarning: indexing past lexsort depth may impact performance.
  model_prob = todays_data.loc[dog_name,track,race_number]['conf'].item()
/root/grv_model/flumine_betting/relu_flumine_betting.py:61: PerformanceWarning: indexing past lexsort depth may impact performance.
  model_price = todays_data.loc[dog_name,track,race_number]['pred_price'].item()
/root/grv_model/flumine_betting/relu_flumine_betting.py:62: PerformanceWarning: indexing past lexsort depth may impact performance.
  model_prob = todays_data.loc[dog_name,track,race_number]['conf'].item()
/root/grv_model/flumine_betting/relu_flumine_betting.py:63: PerformanceWarning: indexing past lexsort depth may impact performance.
  model_relu = todays_data.loc[dog_name,track,race_number]['relu_sum'].item()
/root/grv_model/flumine_betting/relu_flumine_betting.py:61: PerformanceWarning: indexing past lexsort depth may impact performance.
  model_price = todays_data.loc[dog_name,track,race_number]['pred_price'].item()
/root/grv_model/flumine_betting/relu_flumine_betting.py:62: PerformanceWarning: indexing past lexsort depth may impact performance.
  model_prob = todays_data.loc[dog_name,track,race_number]['conf'].item()
/root/grv_model/flumine_betting/relu_flumine_betting.py:63: PerformanceWarning: indexing past lexsort depth may impact performance.
  model_relu = todays_data.loc[dog_name,track,race_number]['relu_sum'].item()
['Dubbo', 'The Gardens', 'Wentworth Park']
starting strategy 'FlatBetting' using the model we created the Greyhound modelling in Python Tutorial
/root/grv_model/flumine_betting/relu_flumine_betting.py:61: PerformanceWarning: indexing past lexsort depth may impact performance.
  model_price = todays_data.loc[dog_name,track,race_number]['pred_price'].item()
/root/grv_model/flumine_betting/relu_flumine_betting.py:62: PerformanceWarning: indexing past lexsort depth may impact performance.
  model_prob = todays_data.loc[dog_name,track,race_number]['conf'].item()
/root/grv_model/flumine_betting/relu_flumine_betting.py:63: PerformanceWarning: indexing past lexsort depth may impact performance.
  model_relu = todays_data.loc[dog_name,track,race_number]['relu_sum'].item()
['Gosford', 'Grafton']
starting strategy 'FlatBetting' using the model we created the Greyhound modelling in Python Tutorial
/root/grv_model/flumine_betting/relu_flumine_betting.py:61: PerformanceWarning: indexing past lexsort depth may impact performance.
  model_price = todays_data.loc[dog_name,track,race_number]['pred_price'].item()
/root/grv_model/flumine_betting/relu_flumine_betting.py:62: PerformanceWarning: indexing past lexsort depth may impact performance.
  model_prob = todays_data.loc[dog_name,track,race_number]['conf'].item()
/root/grv_model/flumine_betting/relu_flumine_betting.py:63: PerformanceWarning: indexing past lexsort depth may impact performance.
  model_relu = todays_data.loc[dog_name,track,race_number]['relu_sum'].item()
/root/grv_model/flumine_betting/relu_flumine_betting.py:61: PerformanceWarning: indexing past lexsort depth may impact performance.
  model_price = todays_data.loc[dog_name,track,race_number]['pred_price'].item()
/root/grv_model/flumine_betting/relu_flumine_betting.py:62: PerformanceWarning: indexing past lexsort depth may impact performance.
  model_prob = todays_data.loc[dog_name,track,race_number]['conf'].item()
/root/grv_model/flumine_betting/relu_flumine_betting.py:63: PerformanceWarning: indexing past lexsort depth may impact performance.
  model_relu = todays_data.loc[dog_name,track,race_number]['relu_sum'].item()
/root/grv_model/flumine_betting/relu_flumine_betting.py:61: PerformanceWarning: indexing past lexsort depth may impact performance.
  model_price = todays_data.loc[dog_name,track,race_number]['pred_price'].item()
/root/grv_model/flumine_betting/relu_flumine_betting.py:62: PerformanceWarning: indexing past lexsort depth may impact performance.
  model_prob = todays_data.loc[dog_name,track,race_number]['conf'].item()
/root/grv_model/flumine_betting/relu_flumine_betting.py:63: PerformanceWarning: indexing past lexsort depth may impact performance.
  model_relu = todays_data.loc[dog_name,track,race_number]['relu_sum'].item()
['Goulburn', 'Richmond', 'The Gardens', 'Wagga']
starting strategy 'FlatBetting' using the model we created the Greyhound modelling in Python Tutorial
['Dubbo', 'The Gardens', 'Wentworth Park']
starting strategy 'FlatBetting' using the model we created the Greyhound modelling in Python Tutorial
/root/grv_model/flumine_betting/relu_flumine_betting.py:61: PerformanceWarning: indexing past lexsort depth may impact performance.
  model_price = todays_data.loc[dog_name,track,race_number]['pred_price'].item()
/root/grv_model/flumine_betting/relu_flumine_betting.py:62: PerformanceWarning: indexing past lexsort depth may impact performance.
  model_prob = todays_data.loc[dog_name,track,race_number]['conf'].item()
/root/grv_model/flumine_betting/relu_flumine_betting.py:63: PerformanceWarning: indexing past lexsort depth may impact performance.
  model_relu = todays_data.loc[dog_name,track,race_number]['relu_sum'].item()
['Grafton', 'Gunnedah']
starting strategy 'FlatBetting' using the model we created the Greyhound modelling in Python Tutorial
/root/grv_model/flumine_betting/relu_flumine_betting.py:61: PerformanceWarning: indexing past lexsort depth may impact performance.
  model_price = todays_data.loc[dog_name,track,race_number]['pred_price'].item()
/root/grv_model/flumine_betting/relu_flumine_betting.py:62: PerformanceWarning: indexing past lexsort depth may impact performance.
  model_prob = todays_data.loc[dog_name,track,race_number]['conf'].item()
/root/grv_model/flumine_betting/relu_flumine_betting.py:63: PerformanceWarning: indexing past lexsort depth may impact performance.
  model_relu = todays_data.loc[dog_name,track,race_number]['relu_sum'].item()
['Bulli', 'Gosford', 'Grafton', 'Temora']
starting strategy 'FlatBetting' using the model we created the Greyhound modelling in Python Tutorial
/root/grv_model/flumine_betting/relu_flumine_betting.py:61: PerformanceWarning: indexing past lexsort depth may impact performance.
  model_price = todays_data.loc[dog_name,track,race_number]['pred_price'].item()
/root/grv_model/flumine_betting/relu_flumine_betting.py:62: PerformanceWarning: indexing past lexsort depth may impact performance.
  model_prob = todays_data.loc[dog_name,track,race_number]['conf'].item()
/root/grv_model/flumine_betting/relu_flumine_betting.py:63: PerformanceWarning: indexing past lexsort depth may impact performance.
  model_relu = todays_data.loc[dog_name,track,race_number]['relu_sum'].item()
['Wentworth Park']
starting strategy 'FlatBetting' using the model we created the Greyhound modelling in Python Tutorial
['Casino', 'Gosford']
starting strategy 'FlatBetting' using the model we created the Greyhound modelling in Python Tutorial
/root/grv_model/flumine_betting/relu_flumine_betting.py:61: PerformanceWarning: indexing past lexsort depth may impact performance.
  model_price = todays_data.loc[dog_name,track,race_number]['pred_price'].item()
/root/grv_model/flumine_betting/relu_flumine_betting.py:62: PerformanceWarning: indexing past lexsort depth may impact performance.
  model_prob = todays_data.loc[dog_name,track,race_number]['conf'].item()
/root/grv_model/flumine_betting/relu_flumine_betting.py:63: PerformanceWarning: indexing past lexsort depth may impact performance.
  model_relu = todays_data.loc[dog_name,track,race_number]['relu_sum'].item()
['Richmond', 'Wentworth Park']
starting strategy 'FlatBetting' using the model we created the Greyhound modelling in Python Tutorial
/root/grv_model/flumine_betting/relu_flumine_betting.py:61: PerformanceWarning: indexing past lexsort depth may impact performance.
  model_price = todays_data.loc[dog_name,track,race_number]['pred_price'].item()
/root/grv_model/flumine_betting/relu_flumine_betting.py:62: PerformanceWarning: indexing past lexsort depth may impact performance.
  model_prob = todays_data.loc[dog_name,track,race_number]['conf'].item()
/root/grv_model/flumine_betting/relu_flumine_betting.py:63: PerformanceWarning: indexing past lexsort depth may impact performance.
  model_relu = todays_data.loc[dog_name,track,race_number]['relu_sum'].item()
['Bulli', 'Gosford', 'Grafton']
starting strategy 'FlatBetting' using the model we created the Greyhound modelling in Python Tutorial
/root/grv_model/flumine_betting/relu_flumine_betting.py:61: PerformanceWarning: indexing past lexsort depth may impact performance.
  model_price = todays_data.loc[dog_name,track,race_number]['pred_price'].item()
/root/grv_model/flumine_betting/relu_flumine_betting.py:62: PerformanceWarning: indexing past lexsort depth may impact performance.
  model_prob = todays_data.loc[dog_name,track,race_number]['conf'].item()
/root/grv_model/flumine_betting/relu_flumine_betting.py:63: PerformanceWarning: indexing past lexsort depth may impact performance.
  model_relu = todays_data.loc[dog_name,track,race_number]['relu_sum'].item()
['Goulburn', 'Richmond', 'The Gardens', 'Wagga']
starting strategy 'FlatBetting' using the model we created the Greyhound modelling in Python Tutorial
/root/grv_model/flumine_betting/relu_flumine_betting.py:61: PerformanceWarning: indexing past lexsort depth may impact performance.
  model_price = todays_data.loc[dog_name,track,race_number]['pred_price'].item()
/root/grv_model/flumine_betting/relu_flumine_betting.py:62: PerformanceWarning: indexing past lexsort depth may impact performance.
  model_prob = todays_data.loc[dog_name,track,race_number]['conf'].item()
/root/grv_model/flumine_betting/relu_flumine_betting.py:63: PerformanceWarning: indexing past lexsort depth may impact performance.
  model_relu = todays_data.loc[dog_name,track,race_number]['relu_sum'].item()
['Grafton', 'Richmond', 'The Gardens']
starting strategy 'FlatBetting' using the model we created the Greyhound modelling in Python Tutorial
